<?xml version="1.0" encoding="UTF-8"?>
<testng-results skipped="0" failed="0" ignored="0" total="1" passed="1">
  <reporter-output>
  </reporter-output>
  <suite name="Default suite" duration-ms="15602" started-at="2020-05-18T12:23:47Z" finished-at="2020-05-18T12:24:03Z">
    <groups>
    </groups>
    <test name="Default test" duration-ms="15602" started-at="2020-05-18T12:23:47Z" finished-at="2020-05-18T12:24:03Z">
      <class name="mavenproject.maven">
        <test-method status="PASS" signature="fff()[pri:0, instance:mavenproject.maven@3bfdc050]" name="fff" duration-ms="15553" started-at="2020-05-18T12:23:47Z" finished-at="2020-05-18T12:24:03Z">
          <reporter-output>
          </reporter-output>
        </test-method> <!-- fff -->
      </class> <!-- mavenproject.maven -->
    </test> <!-- Default test -->
  </suite> <!-- Default suite -->
</testng-results>
